<?xml version="1.0" encoding="UTF-8"?>
<testsuite xmlns:xsi="http://www.w3.org/2001/XMLSchema-instance" xsi:noNamespaceSchemaLocation="https://maven.apache.org/surefire/maven-surefire-plugin/xsd/surefire-test-report.xsd" name="com.tracking.notification.TrackingNotificationApplicationTests" time="8.664" tests="1" errors="0" skipped="0" failures="0">
  <properties>
    <property name="sun.desktop" value="windows"/>
    <property name="awt.toolkit" value="sun.awt.windows.WToolkit"/>
    <property name="file.encoding.pkg" value="sun.io"/>
    <property name="java.specification.version" value="1.8"/>
    <property name="sun.cpu.isalist" value="amd64"/>
    <property name="sun.jnu.encoding" value="Cp1252"/>
    <property name="java.class.path" value="C:\Users\dantc\OneDrive\Documentos\notification\notification\target\test-classes;C:\Users\dantc\OneDrive\Documentos\notification\notification\target\classes;C:\Users\dantc\.m2\repository\org\springframework\boot\spring-boot-starter-data-jpa\2.6.7\spring-boot-starter-data-jpa-2.6.7.jar;C:\Users\dantc\.m2\repository\org\springframework\boot\spring-boot-starter-aop\2.6.7\spring-boot-starter-aop-2.6.7.jar;C:\Users\dantc\.m2\repository\org\springframework\spring-aop\5.3.19\spring-aop-5.3.19.jar;C:\Users\dantc\.m2\repository\org\aspectj\aspectjweaver\1.9.7\aspectjweaver-1.9.7.jar;C:\Users\dantc\.m2\repository\org\springframework\boot\spring-boot-starter-jdbc\2.6.7\spring-boot-starter-jdbc-2.6.7.jar;C:\Users\dantc\.m2\repository\com\zaxxer\HikariCP\4.0.3\HikariCP-4.0.3.jar;C:\Users\dantc\.m2\repository\org\springframework\spring-jdbc\5.3.19\spring-jdbc-5.3.19.jar;C:\Users\dantc\.m2\repository\jakarta\transaction\jakarta.transaction-api\1.3.3\jakarta.transaction-api-1.3.3.jar;C:\Users\dantc\.m2\repository\jakarta\persistence\jakarta.persistence-api\2.2.3\jakarta.persistence-api-2.2.3.jar;C:\Users\dantc\.m2\repository\org\hibernate\hibernate-core\5.6.8.Final\hibernate-core-5.6.8.Final.jar;C:\Users\dantc\.m2\repository\org\jboss\logging\jboss-logging\3.4.3.Final\jboss-logging-3.4.3.Final.jar;C:\Users\dantc\.m2\repository\net\bytebuddy\byte-buddy\1.11.22\byte-buddy-1.11.22.jar;C:\Users\dantc\.m2\repository\antlr\antlr\2.7.7\antlr-2.7.7.jar;C:\Users\dantc\.m2\repository\org\jboss\jandex\2.4.2.Final\jandex-2.4.2.Final.jar;C:\Users\dantc\.m2\repository\com\fasterxml\classmate\1.5.1\classmate-1.5.1.jar;C:\Users\dantc\.m2\repository\org\hibernate\common\hibernate-commons-annotations\5.1.2.Final\hibernate-commons-annotations-5.1.2.Final.jar;C:\Users\dantc\.m2\repository\org\glassfish\jaxb\jaxb-runtime\2.3.6\jaxb-runtime-2.3.6.jar;C:\Users\dantc\.m2\repository\org\glassfish\jaxb\txw2\2.3.6\txw2-2.3.6.jar;C:\Users\dantc\.m2\repository\com\sun\istack\istack-commons-runtime\3.0.12\istack-commons-runtime-3.0.12.jar;C:\Users\dantc\.m2\repository\com\sun\activation\jakarta.activation\1.2.2\jakarta.activation-1.2.2.jar;C:\Users\dantc\.m2\repository\org\springframework\data\spring-data-jpa\2.6.4\spring-data-jpa-2.6.4.jar;C:\Users\dantc\.m2\repository\org\springframework\data\spring-data-commons\2.6.4\spring-data-commons-2.6.4.jar;C:\Users\dantc\.m2\repository\org\springframework\spring-orm\5.3.19\spring-orm-5.3.19.jar;C:\Users\dantc\.m2\repository\org\springframework\spring-context\5.3.19\spring-context-5.3.19.jar;C:\Users\dantc\.m2\repository\org\springframework\spring-tx\5.3.19\spring-tx-5.3.19.jar;C:\Users\dantc\.m2\repository\org\springframework\spring-beans\5.3.19\spring-beans-5.3.19.jar;C:\Users\dantc\.m2\repository\org\springframework\spring-aspects\5.3.19\spring-aspects-5.3.19.jar;C:\Users\dantc\.m2\repository\org\springframework\boot\spring-boot-starter-web\2.6.7\spring-boot-starter-web-2.6.7.jar;C:\Users\dantc\.m2\repository\org\springframework\boot\spring-boot-starter\2.6.7\spring-boot-starter-2.6.7.jar;C:\Users\dantc\.m2\repository\org\springframework\boot\spring-boot\2.6.7\spring-boot-2.6.7.jar;C:\Users\dantc\.m2\repository\org\springframework\boot\spring-boot-autoconfigure\2.6.7\spring-boot-autoconfigure-2.6.7.jar;C:\Users\dantc\.m2\repository\org\springframework\boot\spring-boot-starter-logging\2.6.7\spring-boot-starter-logging-2.6.7.jar;C:\Users\dantc\.m2\repository\ch\qos\logback\logback-classic\1.2.11\logback-classic-1.2.11.jar;C:\Users\dantc\.m2\repository\ch\qos\logback\logback-core\1.2.11\logback-core-1.2.11.jar;C:\Users\dantc\.m2\repository\org\apache\logging\log4j\log4j-to-slf4j\2.17.2\log4j-to-slf4j-2.17.2.jar;C:\Users\dantc\.m2\repository\org\apache\logging\log4j\log4j-api\2.17.2\log4j-api-2.17.2.jar;C:\Users\dantc\.m2\repository\org\slf4j\jul-to-slf4j\1.7.36\jul-to-slf4j-1.7.36.jar;C:\Users\dantc\.m2\repository\jakarta\annotation\jakarta.annotation-api\1.3.5\jakarta.annotation-api-1.3.5.jar;C:\Users\dantc\.m2\repository\org\yaml\snakeyaml\1.29\snakeyaml-1.29.jar;C:\Users\dantc\.m2\repository\org\springframework\boot\spring-boot-starter-json\2.6.7\spring-boot-starter-json-2.6.7.jar;C:\Users\dantc\.m2\repository\com\fasterxml\jackson\core\jackson-databind\2.13.2.1\jackson-databind-2.13.2.1.jar;C:\Users\dantc\.m2\repository\com\fasterxml\jackson\core\jackson-annotations\2.13.2\jackson-annotations-2.13.2.jar;C:\Users\dantc\.m2\repository\com\fasterxml\jackson\datatype\jackson-datatype-jdk8\2.13.2\jackson-datatype-jdk8-2.13.2.jar;C:\Users\dantc\.m2\repository\com\fasterxml\jackson\datatype\jackson-datatype-jsr310\2.13.2\jackson-datatype-jsr310-2.13.2.jar;C:\Users\dantc\.m2\repository\com\fasterxml\jackson\module\jackson-module-parameter-names\2.13.2\jackson-module-parameter-names-2.13.2.jar;C:\Users\dantc\.m2\repository\org\springframework\boot\spring-boot-starter-tomcat\2.6.7\spring-boot-starter-tomcat-2.6.7.jar;C:\Users\dantc\.m2\repository\org\apache\tomcat\embed\tomcat-embed-core\9.0.62\tomcat-embed-core-9.0.62.jar;C:\Users\dantc\.m2\repository\org\apache\tomcat\embed\tomcat-embed-el\9.0.62\tomcat-embed-el-9.0.62.jar;C:\Users\dantc\.m2\repository\org\apache\tomcat\embed\tomcat-embed-websocket\9.0.62\tomcat-embed-websocket-9.0.62.jar;C:\Users\dantc\.m2\repository\org\springframework\spring-web\5.3.19\spring-web-5.3.19.jar;C:\Users\dantc\.m2\repository\org\springframework\spring-webmvc\5.3.19\spring-webmvc-5.3.19.jar;C:\Users\dantc\.m2\repository\org\springframework\spring-expression\5.3.19\spring-expression-5.3.19.jar;C:\Users\dantc\.m2\repository\mysql\mysql-connector-java\8.0.28\mysql-connector-java-8.0.28.jar;C:\Users\dantc\.m2\repository\org\projectlombok\lombok\1.18.24\lombok-1.18.24.jar;C:\Users\dantc\.m2\repository\org\springframework\boot\spring-boot-starter-test\2.6.7\spring-boot-starter-test-2.6.7.jar;C:\Users\dantc\.m2\repository\org\springframework\boot\spring-boot-test\2.6.7\spring-boot-test-2.6.7.jar;C:\Users\dantc\.m2\repository\org\springframework\boot\spring-boot-test-autoconfigure\2.6.7\spring-boot-test-autoconfigure-2.6.7.jar;C:\Users\dantc\.m2\repository\com\jayway\jsonpath\json-path\2.6.0\json-path-2.6.0.jar;C:\Users\dantc\.m2\repository\net\minidev\json-smart\2.4.8\json-smart-2.4.8.jar;C:\Users\dantc\.m2\repository\net\minidev\accessors-smart\2.4.8\accessors-smart-2.4.8.jar;C:\Users\dantc\.m2\repository\org\ow2\asm\asm\9.1\asm-9.1.jar;C:\Users\dantc\.m2\repository\jakarta\xml\bind\jakarta.xml.bind-api\2.3.3\jakarta.xml.bind-api-2.3.3.jar;C:\Users\dantc\.m2\repository\jakarta\activation\jakarta.activation-api\1.2.2\jakarta.activation-api-1.2.2.jar;C:\Users\dantc\.m2\repository\org\assertj\assertj-core\3.21.0\assertj-core-3.21.0.jar;C:\Users\dantc\.m2\repository\org\hamcrest\hamcrest\2.2\hamcrest-2.2.jar;C:\Users\dantc\.m2\repository\org\junit\jupiter\junit-jupiter\5.8.2\junit-jupiter-5.8.2.jar;C:\Users\dantc\.m2\repository\org\junit\jupiter\junit-jupiter-api\5.8.2\junit-jupiter-api-5.8.2.jar;C:\Users\dantc\.m2\repository\org\opentest4j\opentest4j\1.2.0\opentest4j-1.2.0.jar;C:\Users\dantc\.m2\repository\org\junit\platform\junit-platform-commons\1.8.2\junit-platform-commons-1.8.2.jar;C:\Users\dantc\.m2\repository\org\apiguardian\apiguardian-api\1.1.2\apiguardian-api-1.1.2.jar;C:\Users\dantc\.m2\repository\org\junit\jupiter\junit-jupiter-params\5.8.2\junit-jupiter-params-5.8.2.jar;C:\Users\dantc\.m2\repository\org\junit\jupiter\junit-jupiter-engine\5.8.2\junit-jupiter-engine-5.8.2.jar;C:\Users\dantc\.m2\repository\org\junit\platform\junit-platform-engine\1.8.2\junit-platform-engine-1.8.2.jar;C:\Users\dantc\.m2\repository\org\mockito\mockito-core\4.0.0\mockito-core-4.0.0.jar;C:\Users\dantc\.m2\repository\net\bytebuddy\byte-buddy-agent\1.11.22\byte-buddy-agent-1.11.22.jar;C:\Users\dantc\.m2\repository\org\objenesis\objenesis\3.2\objenesis-3.2.jar;C:\Users\dantc\.m2\repository\org\mockito\mockito-junit-jupiter\4.0.0\mockito-junit-jupiter-4.0.0.jar;C:\Users\dantc\.m2\repository\org\skyscreamer\jsonassert\1.5.0\jsonassert-1.5.0.jar;C:\Users\dantc\.m2\repository\com\vaadin\external\google\android-json\0.0.20131108.vaadin1\android-json-0.0.20131108.vaadin1.jar;C:\Users\dantc\.m2\repository\org\springframework\spring-core\5.3.19\spring-core-5.3.19.jar;C:\Users\dantc\.m2\repository\org\springframework\spring-jcl\5.3.19\spring-jcl-5.3.19.jar;C:\Users\dantc\.m2\repository\org\springframework\spring-test\5.3.19\spring-test-5.3.19.jar;C:\Users\dantc\.m2\repository\org\xmlunit\xmlunit-core\2.8.4\xmlunit-core-2.8.4.jar;C:\Users\dantc\.m2\repository\com\googlecode\objectify\objectify\6.0.7\objectify-6.0.7.jar;C:\Users\dantc\.m2\repository\com\google\cloud\google-cloud-datastore\2.4.0\google-cloud-datastore-2.4.0.jar;C:\Users\dantc\.m2\repository\com\google\cloud\google-cloud-core-http\2.6.0\google-cloud-core-http-2.6.0.jar;C:\Users\dantc\.m2\repository\com\google\auth\google-auth-library-credentials\1.6.0\google-auth-library-credentials-1.6.0.jar;C:\Users\dantc\.m2\repository\com\google\http-client\google-http-client-apache-v2\1.41.7\google-http-client-apache-v2-1.41.7.jar;C:\Users\dantc\.m2\repository\com\google\http-client\google-http-client-appengine\1.41.7\google-http-client-appengine-1.41.7.jar;C:\Users\dantc\.m2\repository\com\google\api\gax-httpjson\0.101.0\gax-httpjson-0.101.0.jar;C:\Users\dantc\.m2\repository\com\google\code\gson\gson\2.8.9\gson-2.8.9.jar;C:\Users\dantc\.m2\repository\com\google\code\findbugs\jsr305\3.0.2\jsr305-3.0.2.jar;C:\Users\dantc\.m2\repository\io\opencensus\opencensus-contrib-http-util\0.31.0\opencensus-contrib-http-util-0.31.0.jar;C:\Users\dantc\.m2\repository\com\google\api\grpc\proto-google-cloud-datastore-v1\0.95.0\proto-google-cloud-datastore-v1-0.95.0.jar;C:\Users\dantc\.m2\repository\com\google\cloud\datastore\datastore-v1-proto-client\2.4.0\datastore-v1-proto-client-2.4.0.jar;C:\Users\dantc\.m2\repository\com\google\http-client\google-http-client-protobuf\1.41.7\google-http-client-protobuf-1.41.7.jar;C:\Users\dantc\.m2\repository\io\grpc\grpc-api\1.45.1\grpc-api-1.45.1.jar;C:\Users\dantc\.m2\repository\io\grpc\grpc-context\1.45.1\grpc-context-1.45.1.jar;C:\Users\dantc\.m2\repository\com\google\errorprone\error_prone_annotations\2.13.0\error_prone_annotations-2.13.0.jar;C:\Users\dantc\.m2\repository\javax\annotation\javax.annotation-api\1.3.2\javax.annotation-api-1.3.2.jar;C:\Users\dantc\.m2\repository\org\threeten\threetenbp\1.6.0\threetenbp-1.6.0.jar;C:\Users\dantc\.m2\repository\com\google\protobuf\protobuf-java\3.19.4\protobuf-java-3.19.4.jar;C:\Users\dantc\.m2\repository\com\google\api\gax\2.16.0\gax-2.16.0.jar;C:\Users\dantc\.m2\repository\com\google\guava\failureaccess\1.0.1\failureaccess-1.0.1.jar;C:\Users\dantc\.m2\repository\com\google\guava\listenablefuture\9999.0-empty-to-avoid-conflict-with-guava\listenablefuture-9999.0-empty-to-avoid-conflict-with-guava.jar;C:\Users\dantc\.m2\repository\org\checkerframework\checker-qual\3.21.4\checker-qual-3.21.4.jar;C:\Users\dantc\.m2\repository\com\google\j2objc\j2objc-annotations\1.3\j2objc-annotations-1.3.jar;C:\Users\dantc\.m2\repository\com\google\cloud\google-cloud-core\2.6.0\google-cloud-core-2.6.0.jar;C:\Users\dantc\.m2\repository\com\google\auto\value\auto-value-annotations\1.9\auto-value-annotations-1.9.jar;C:\Users\dantc\.m2\repository\com\google\protobuf\protobuf-java-util\3.19.4\protobuf-java-util-3.19.4.jar;C:\Users\dantc\.m2\repository\com\google\api\grpc\proto-google-iam-v1\1.3.1\proto-google-iam-v1-1.3.1.jar;C:\Users\dantc\.m2\repository\com\google\http-client\google-http-client-gson\1.41.7\google-http-client-gson-1.41.7.jar;C:\Users\dantc\.m2\repository\com\google\api\grpc\proto-google-common-protos\2.8.3\proto-google-common-protos-2.8.3.jar;C:\Users\dantc\.m2\repository\org\apache\httpcomponents\httpclient\4.5.13\httpclient-4.5.13.jar;C:\Users\dantc\.m2\repository\commons-logging\commons-logging\1.2\commons-logging-1.2.jar;C:\Users\dantc\.m2\repository\commons-codec\commons-codec\1.15\commons-codec-1.15.jar;C:\Users\dantc\.m2\repository\org\apache\httpcomponents\httpcore\4.4.15\httpcore-4.4.15.jar;C:\Users\dantc\.m2\repository\com\google\http-client\google-http-client-jackson2\1.41.7\google-http-client-jackson2-1.41.7.jar;C:\Users\dantc\.m2\repository\com\fasterxml\jackson\core\jackson-core\2.13.2\jackson-core-2.13.2.jar;C:\Users\dantc\.m2\repository\com\google\oauth-client\google-oauth-client\1.33.3\google-oauth-client-1.33.3.jar;C:\Users\dantc\.m2\repository\io\opencensus\opencensus-api\0.31.0\opencensus-api-0.31.0.jar;C:\Users\dantc\.m2\repository\net\spy\spymemcached\2.12.3\spymemcached-2.12.3.jar;C:\Users\dantc\.m2\repository\org\slf4j\slf4j-api\1.7.36\slf4j-api-1.7.36.jar;C:\Users\dantc\.m2\repository\com\google\firebase\firebase-admin\8.1.0\firebase-admin-8.1.0.jar;C:\Users\dantc\.m2\repository\com\google\api-client\google-api-client\1.32.1\google-api-client-1.32.1.jar;C:\Users\dantc\.m2\repository\com\google\api-client\google-api-client-gson\1.32.1\google-api-client-gson-1.32.1.jar;C:\Users\dantc\.m2\repository\com\google\http-client\google-http-client\1.41.7\google-http-client-1.41.7.jar;C:\Users\dantc\.m2\repository\com\google\api\api-common\2.1.5\api-common-2.1.5.jar;C:\Users\dantc\.m2\repository\com\google\auth\google-auth-library-oauth2-http\1.6.0\google-auth-library-oauth2-http-1.6.0.jar;C:\Users\dantc\.m2\repository\com\google\cloud\google-cloud-storage\2.6.1\google-cloud-storage-2.6.1.jar;C:\Users\dantc\.m2\repository\com\google\apis\google-api-services-storage\v1-rev20220401-1.32.1\google-api-services-storage-v1-rev20220401-1.32.1.jar;C:\Users\dantc\.m2\repository\com\google\cloud\google-cloud-firestore\3.1.0\google-cloud-firestore-3.1.0.jar;C:\Users\dantc\.m2\repository\com\google\cloud\google-cloud-core-grpc\2.6.0\google-cloud-core-grpc-2.6.0.jar;C:\Users\dantc\.m2\repository\io\grpc\grpc-core\1.45.1\grpc-core-1.45.1.jar;C:\Users\dantc\.m2\repository\com\google\android\annotations\4.1.1.4\annotations-4.1.1.4.jar;C:\Users\dantc\.m2\repository\org\codehaus\mojo\animal-sniffer-annotations\1.21\animal-sniffer-annotations-1.21.jar;C:\Users\dantc\.m2\repository\io\perfmark\perfmark-api\0.23.0\perfmark-api-0.23.0.jar;C:\Users\dantc\.m2\repository\com\google\api\grpc\proto-google-cloud-firestore-v1\3.1.0\proto-google-cloud-firestore-v1-3.1.0.jar;C:\Users\dantc\.m2\repository\com\google\cloud\proto-google-cloud-firestore-bundle-v1\3.1.0\proto-google-cloud-firestore-bundle-v1-3.1.0.jar;C:\Users\dantc\.m2\repository\io\opencensus\opencensus-contrib-grpc-util\0.31.0\opencensus-contrib-grpc-util-0.31.0.jar;C:\Users\dantc\.m2\repository\io\grpc\grpc-protobuf\1.45.1\grpc-protobuf-1.45.1.jar;C:\Users\dantc\.m2\repository\io\grpc\grpc-protobuf-lite\1.45.1\grpc-protobuf-lite-1.45.1.jar;C:\Users\dantc\.m2\repository\com\google\api\gax-grpc\2.16.0\gax-grpc-2.16.0.jar;C:\Users\dantc\.m2\repository\io\grpc\grpc-alts\1.45.1\grpc-alts-1.45.1.jar;C:\Users\dantc\.m2\repository\io\grpc\grpc-grpclb\1.45.1\grpc-grpclb-1.45.1.jar;C:\Users\dantc\.m2\repository\org\conscrypt\conscrypt-openjdk-uber\2.5.1\conscrypt-openjdk-uber-2.5.1.jar;C:\Users\dantc\.m2\repository\io\grpc\grpc-auth\1.45.1\grpc-auth-1.45.1.jar;C:\Users\dantc\.m2\repository\io\grpc\grpc-netty-shaded\1.45.1\grpc-netty-shaded-1.45.1.jar;C:\Users\dantc\.m2\repository\io\grpc\grpc-googleapis\1.45.1\grpc-googleapis-1.45.1.jar;C:\Users\dantc\.m2\repository\io\grpc\grpc-xds\1.45.1\grpc-xds-1.45.1.jar;C:\Users\dantc\.m2\repository\io\grpc\grpc-services\1.45.1\grpc-services-1.45.1.jar;C:\Users\dantc\.m2\repository\com\google\re2j\re2j\1.5\re2j-1.5.jar;C:\Users\dantc\.m2\repository\org\bouncycastle\bcpkix-jdk15on\1.67\bcpkix-jdk15on-1.67.jar;C:\Users\dantc\.m2\repository\org\bouncycastle\bcprov-jdk15on\1.67\bcprov-jdk15on-1.67.jar;C:\Users\dantc\.m2\repository\io\opencensus\opencensus-proto\0.2.0\opencensus-proto-0.2.0.jar;C:\Users\dantc\.m2\repository\io\grpc\grpc-stub\1.45.1\grpc-stub-1.45.1.jar;C:\Users\dantc\.m2\repository\com\google\guava\guava\31.1-jre\guava-31.1-jre.jar;C:\Users\dantc\.m2\repository\io\netty\netty-codec-http\4.1.76.Final\netty-codec-http-4.1.76.Final.jar;C:\Users\dantc\.m2\repository\io\netty\netty-common\4.1.76.Final\netty-common-4.1.76.Final.jar;C:\Users\dantc\.m2\repository\io\netty\netty-buffer\4.1.76.Final\netty-buffer-4.1.76.Final.jar;C:\Users\dantc\.m2\repository\io\netty\netty-codec\4.1.76.Final\netty-codec-4.1.76.Final.jar;C:\Users\dantc\.m2\repository\io\netty\netty-handler\4.1.76.Final\netty-handler-4.1.76.Final.jar;C:\Users\dantc\.m2\repository\io\netty\netty-resolver\4.1.76.Final\netty-resolver-4.1.76.Final.jar;C:\Users\dantc\.m2\repository\io\netty\netty-transport\4.1.76.Final\netty-transport-4.1.76.Final.jar;"/>
    <property name="java.vm.vendor" value="Oracle Corporation"/>
    <property name="sun.arch.data.model" value="64"/>
    <property name="user.variant" value=""/>
    <property name="java.vendor.url" value="http://java.oracle.com/"/>
    <property name="user.timezone" value="America/Sao_Paulo"/>
    <property name="java.vm.specification.version" value="1.8"/>
    <property name="os.name" value="Windows 10"/>
    <property name="user.country" value="BR"/>
    <property name="sun.java.launcher" value="SUN_STANDARD"/>
    <property name="sun.boot.library.path" value="C:\Program Files\Java\jdk1.8.0_202\jre\bin"/>
    <property name="sun.java.command" value="C:\Users\dantc\AppData\Local\Temp\surefire6776200358771160489\surefirebooter2565523108640754751.jar C:\Users\dantc\AppData\Local\Temp\surefire6776200358771160489 2022-05-24T10-28-34_885-jvmRun1 surefire5195897138279934737tmp surefire_07538037986156211006tmp"/>
    <property name="surefire.test.class.path" value="C:\Users\dantc\OneDrive\Documentos\notification\notification\target\test-classes;C:\Users\dantc\OneDrive\Documentos\notification\notification\target\classes;C:\Users\dantc\.m2\repository\org\springframework\boot\spring-boot-starter-data-jpa\2.6.7\spring-boot-starter-data-jpa-2.6.7.jar;C:\Users\dantc\.m2\repository\org\springframework\boot\spring-boot-starter-aop\2.6.7\spring-boot-starter-aop-2.6.7.jar;C:\Users\dantc\.m2\repository\org\springframework\spring-aop\5.3.19\spring-aop-5.3.19.jar;C:\Users\dantc\.m2\repository\org\aspectj\aspectjweaver\1.9.7\aspectjweaver-1.9.7.jar;C:\Users\dantc\.m2\repository\org\springframework\boot\spring-boot-starter-jdbc\2.6.7\spring-boot-starter-jdbc-2.6.7.jar;C:\Users\dantc\.m2\repository\com\zaxxer\HikariCP\4.0.3\HikariCP-4.0.3.jar;C:\Users\dantc\.m2\repository\org\springframework\spring-jdbc\5.3.19\spring-jdbc-5.3.19.jar;C:\Users\dantc\.m2\repository\jakarta\transaction\jakarta.transaction-api\1.3.3\jakarta.transaction-api-1.3.3.jar;C:\Users\dantc\.m2\repository\jakarta\persistence\jakarta.persistence-api\2.2.3\jakarta.persistence-api-2.2.3.jar;C:\Users\dantc\.m2\repository\org\hibernate\hibernate-core\5.6.8.Final\hibernate-core-5.6.8.Final.jar;C:\Users\dantc\.m2\repository\org\jboss\logging\jboss-logging\3.4.3.Final\jboss-logging-3.4.3.Final.jar;C:\Users\dantc\.m2\repository\net\bytebuddy\byte-buddy\1.11.22\byte-buddy-1.11.22.jar;C:\Users\dantc\.m2\repository\antlr\antlr\2.7.7\antlr-2.7.7.jar;C:\Users\dantc\.m2\repository\org\jboss\jandex\2.4.2.Final\jandex-2.4.2.Final.jar;C:\Users\dantc\.m2\repository\com\fasterxml\classmate\1.5.1\classmate-1.5.1.jar;C:\Users\dantc\.m2\repository\org\hibernate\common\hibernate-commons-annotations\5.1.2.Final\hibernate-commons-annotations-5.1.2.Final.jar;C:\Users\dantc\.m2\repository\org\glassfish\jaxb\jaxb-runtime\2.3.6\jaxb-runtime-2.3.6.jar;C:\Users\dantc\.m2\repository\org\glassfish\jaxb\txw2\2.3.6\txw2-2.3.6.jar;C:\Users\dantc\.m2\repository\com\sun\istack\istack-commons-runtime\3.0.12\istack-commons-runtime-3.0.12.jar;C:\Users\dantc\.m2\repository\com\sun\activation\jakarta.activation\1.2.2\jakarta.activation-1.2.2.jar;C:\Users\dantc\.m2\repository\org\springframework\data\spring-data-jpa\2.6.4\spring-data-jpa-2.6.4.jar;C:\Users\dantc\.m2\repository\org\springframework\data\spring-data-commons\2.6.4\spring-data-commons-2.6.4.jar;C:\Users\dantc\.m2\repository\org\springframework\spring-orm\5.3.19\spring-orm-5.3.19.jar;C:\Users\dantc\.m2\repository\org\springframework\spring-context\5.3.19\spring-context-5.3.19.jar;C:\Users\dantc\.m2\repository\org\springframework\spring-tx\5.3.19\spring-tx-5.3.19.jar;C:\Users\dantc\.m2\repository\org\springframework\spring-beans\5.3.19\spring-beans-5.3.19.jar;C:\Users\dantc\.m2\repository\org\springframework\spring-aspects\5.3.19\spring-aspects-5.3.19.jar;C:\Users\dantc\.m2\repository\org\springframework\boot\spring-boot-starter-web\2.6.7\spring-boot-starter-web-2.6.7.jar;C:\Users\dantc\.m2\repository\org\springframework\boot\spring-boot-starter\2.6.7\spring-boot-starter-2.6.7.jar;C:\Users\dantc\.m2\repository\org\springframework\boot\spring-boot\2.6.7\spring-boot-2.6.7.jar;C:\Users\dantc\.m2\repository\org\springframework\boot\spring-boot-autoconfigure\2.6.7\spring-boot-autoconfigure-2.6.7.jar;C:\Users\dantc\.m2\repository\org\springframework\boot\spring-boot-starter-logging\2.6.7\spring-boot-starter-logging-2.6.7.jar;C:\Users\dantc\.m2\repository\ch\qos\logback\logback-classic\1.2.11\logback-classic-1.2.11.jar;C:\Users\dantc\.m2\repository\ch\qos\logback\logback-core\1.2.11\logback-core-1.2.11.jar;C:\Users\dantc\.m2\repository\org\apache\logging\log4j\log4j-to-slf4j\2.17.2\log4j-to-slf4j-2.17.2.jar;C:\Users\dantc\.m2\repository\org\apache\logging\log4j\log4j-api\2.17.2\log4j-api-2.17.2.jar;C:\Users\dantc\.m2\repository\org\slf4j\jul-to-slf4j\1.7.36\jul-to-slf4j-1.7.36.jar;C:\Users\dantc\.m2\repository\jakarta\annotation\jakarta.annotation-api\1.3.5\jakarta.annotation-api-1.3.5.jar;C:\Users\dantc\.m2\repository\org\yaml\snakeyaml\1.29\snakeyaml-1.29.jar;C:\Users\dantc\.m2\repository\org\springframework\boot\spring-boot-starter-json\2.6.7\spring-boot-starter-json-2.6.7.jar;C:\Users\dantc\.m2\repository\com\fasterxml\jackson\core\jackson-databind\2.13.2.1\jackson-databind-2.13.2.1.jar;C:\Users\dantc\.m2\repository\com\fasterxml\jackson\core\jackson-annotations\2.13.2\jackson-annotations-2.13.2.jar;C:\Users\dantc\.m2\repository\com\fasterxml\jackson\datatype\jackson-datatype-jdk8\2.13.2\jackson-datatype-jdk8-2.13.2.jar;C:\Users\dantc\.m2\repository\com\fasterxml\jackson\datatype\jackson-datatype-jsr310\2.13.2\jackson-datatype-jsr310-2.13.2.jar;C:\Users\dantc\.m2\repository\com\fasterxml\jackson\module\jackson-module-parameter-names\2.13.2\jackson-module-parameter-names-2.13.2.jar;C:\Users\dantc\.m2\repository\org\springframework\boot\spring-boot-starter-tomcat\2.6.7\spring-boot-starter-tomcat-2.6.7.jar;C:\Users\dantc\.m2\repository\org\apache\tomcat\embed\tomcat-embed-core\9.0.62\tomcat-embed-core-9.0.62.jar;C:\Users\dantc\.m2\repository\org\apache\tomcat\embed\tomcat-embed-el\9.0.62\tomcat-embed-el-9.0.62.jar;C:\Users\dantc\.m2\repository\org\apache\tomcat\embed\tomcat-embed-websocket\9.0.62\tomcat-embed-websocket-9.0.62.jar;C:\Users\dantc\.m2\repository\org\springframework\spring-web\5.3.19\spring-web-5.3.19.jar;C:\Users\dantc\.m2\repository\org\springframework\spring-webmvc\5.3.19\spring-webmvc-5.3.19.jar;C:\Users\dantc\.m2\repository\org\springframework\spring-expression\5.3.19\spring-expression-5.3.19.jar;C:\Users\dantc\.m2\repository\mysql\mysql-connector-java\8.0.28\mysql-connector-java-8.0.28.jar;C:\Users\dantc\.m2\repository\org\projectlombok\lombok\1.18.24\lombok-1.18.24.jar;C:\Users\dantc\.m2\repository\org\springframework\boot\spring-boot-starter-test\2.6.7\spring-boot-starter-test-2.6.7.jar;C:\Users\dantc\.m2\repository\org\springframework\boot\spring-boot-test\2.6.7\spring-boot-test-2.6.7.jar;C:\Users\dantc\.m2\repository\org\springframework\boot\spring-boot-test-autoconfigure\2.6.7\spring-boot-test-autoconfigure-2.6.7.jar;C:\Users\dantc\.m2\repository\com\jayway\jsonpath\json-path\2.6.0\json-path-2.6.0.jar;C:\Users\dantc\.m2\repository\net\minidev\json-smart\2.4.8\json-smart-2.4.8.jar;C:\Users\dantc\.m2\repository\net\minidev\accessors-smart\2.4.8\accessors-smart-2.4.8.jar;C:\Users\dantc\.m2\repository\org\ow2\asm\asm\9.1\asm-9.1.jar;C:\Users\dantc\.m2\repository\jakarta\xml\bind\jakarta.xml.bind-api\2.3.3\jakarta.xml.bind-api-2.3.3.jar;C:\Users\dantc\.m2\repository\jakarta\activation\jakarta.activation-api\1.2.2\jakarta.activation-api-1.2.2.jar;C:\Users\dantc\.m2\repository\org\assertj\assertj-core\3.21.0\assertj-core-3.21.0.jar;C:\Users\dantc\.m2\repository\org\hamcrest\hamcrest\2.2\hamcrest-2.2.jar;C:\Users\dantc\.m2\repository\org\junit\jupiter\junit-jupiter\5.8.2\junit-jupiter-5.8.2.jar;C:\Users\dantc\.m2\repository\org\junit\jupiter\junit-jupiter-api\5.8.2\junit-jupiter-api-5.8.2.jar;C:\Users\dantc\.m2\repository\org\opentest4j\opentest4j\1.2.0\opentest4j-1.2.0.jar;C:\Users\dantc\.m2\repository\org\junit\platform\junit-platform-commons\1.8.2\junit-platform-commons-1.8.2.jar;C:\Users\dantc\.m2\repository\org\apiguardian\apiguardian-api\1.1.2\apiguardian-api-1.1.2.jar;C:\Users\dantc\.m2\repository\org\junit\jupiter\junit-jupiter-params\5.8.2\junit-jupiter-params-5.8.2.jar;C:\Users\dantc\.m2\repository\org\junit\jupiter\junit-jupiter-engine\5.8.2\junit-jupiter-engine-5.8.2.jar;C:\Users\dantc\.m2\repository\org\junit\platform\junit-platform-engine\1.8.2\junit-platform-engine-1.8.2.jar;C:\Users\dantc\.m2\repository\org\mockito\mockito-core\4.0.0\mockito-core-4.0.0.jar;C:\Users\dantc\.m2\repository\net\bytebuddy\byte-buddy-agent\1.11.22\byte-buddy-agent-1.11.22.jar;C:\Users\dantc\.m2\repository\org\objenesis\objenesis\3.2\objenesis-3.2.jar;C:\Users\dantc\.m2\repository\org\mockito\mockito-junit-jupiter\4.0.0\mockito-junit-jupiter-4.0.0.jar;C:\Users\dantc\.m2\repository\org\skyscreamer\jsonassert\1.5.0\jsonassert-1.5.0.jar;C:\Users\dantc\.m2\repository\com\vaadin\external\google\android-json\0.0.20131108.vaadin1\android-json-0.0.20131108.vaadin1.jar;C:\Users\dantc\.m2\repository\org\springframework\spring-core\5.3.19\spring-core-5.3.19.jar;C:\Users\dantc\.m2\repository\org\springframework\spring-jcl\5.3.19\spring-jcl-5.3.19.jar;C:\Users\dantc\.m2\repository\org\springframework\spring-test\5.3.19\spring-test-5.3.19.jar;C:\Users\dantc\.m2\repository\org\xmlunit\xmlunit-core\2.8.4\xmlunit-core-2.8.4.jar;C:\Users\dantc\.m2\repository\com\googlecode\objectify\objectify\6.0.7\objectify-6.0.7.jar;C:\Users\dantc\.m2\repository\com\google\cloud\google-cloud-datastore\2.4.0\google-cloud-datastore-2.4.0.jar;C:\Users\dantc\.m2\repository\com\google\cloud\google-cloud-core-http\2.6.0\google-cloud-core-http-2.6.0.jar;C:\Users\dantc\.m2\repository\com\google\auth\google-auth-library-credentials\1.6.0\google-auth-library-credentials-1.6.0.jar;C:\Users\dantc\.m2\repository\com\google\http-client\google-http-client-apache-v2\1.41.7\google-http-client-apache-v2-1.41.7.jar;C:\Users\dantc\.m2\repository\com\google\http-client\google-http-client-appengine\1.41.7\google-http-client-appengine-1.41.7.jar;C:\Users\dantc\.m2\repository\com\google\api\gax-httpjson\0.101.0\gax-httpjson-0.101.0.jar;C:\Users\dantc\.m2\repository\com\google\code\gson\gson\2.8.9\gson-2.8.9.jar;C:\Users\dantc\.m2\repository\com\google\code\findbugs\jsr305\3.0.2\jsr305-3.0.2.jar;C:\Users\dantc\.m2\repository\io\opencensus\opencensus-contrib-http-util\0.31.0\opencensus-contrib-http-util-0.31.0.jar;C:\Users\dantc\.m2\repository\com\google\api\grpc\proto-google-cloud-datastore-v1\0.95.0\proto-google-cloud-datastore-v1-0.95.0.jar;C:\Users\dantc\.m2\repository\com\google\cloud\datastore\datastore-v1-proto-client\2.4.0\datastore-v1-proto-client-2.4.0.jar;C:\Users\dantc\.m2\repository\com\google\http-client\google-http-client-protobuf\1.41.7\google-http-client-protobuf-1.41.7.jar;C:\Users\dantc\.m2\repository\io\grpc\grpc-api\1.45.1\grpc-api-1.45.1.jar;C:\Users\dantc\.m2\repository\io\grpc\grpc-context\1.45.1\grpc-context-1.45.1.jar;C:\Users\dantc\.m2\repository\com\google\errorprone\error_prone_annotations\2.13.0\error_prone_annotations-2.13.0.jar;C:\Users\dantc\.m2\repository\javax\annotation\javax.annotation-api\1.3.2\javax.annotation-api-1.3.2.jar;C:\Users\dantc\.m2\repository\org\threeten\threetenbp\1.6.0\threetenbp-1.6.0.jar;C:\Users\dantc\.m2\repository\com\google\protobuf\protobuf-java\3.19.4\protobuf-java-3.19.4.jar;C:\Users\dantc\.m2\repository\com\google\api\gax\2.16.0\gax-2.16.0.jar;C:\Users\dantc\.m2\repository\com\google\guava\failureaccess\1.0.1\failureaccess-1.0.1.jar;C:\Users\dantc\.m2\repository\com\google\guava\listenablefuture\9999.0-empty-to-avoid-conflict-with-guava\listenablefuture-9999.0-empty-to-avoid-conflict-with-guava.jar;C:\Users\dantc\.m2\repository\org\checkerframework\checker-qual\3.21.4\checker-qual-3.21.4.jar;C:\Users\dantc\.m2\repository\com\google\j2objc\j2objc-annotations\1.3\j2objc-annotations-1.3.jar;C:\Users\dantc\.m2\repository\com\google\cloud\google-cloud-core\2.6.0\google-cloud-core-2.6.0.jar;C:\Users\dantc\.m2\repository\com\google\auto\value\auto-value-annotations\1.9\auto-value-annotations-1.9.jar;C:\Users\dantc\.m2\repository\com\google\protobuf\protobuf-java-util\3.19.4\protobuf-java-util-3.19.4.jar;C:\Users\dantc\.m2\repository\com\google\api\grpc\proto-google-iam-v1\1.3.1\proto-google-iam-v1-1.3.1.jar;C:\Users\dantc\.m2\repository\com\google\http-client\google-http-client-gson\1.41.7\google-http-client-gson-1.41.7.jar;C:\Users\dantc\.m2\repository\com\google\api\grpc\proto-google-common-protos\2.8.3\proto-google-common-protos-2.8.3.jar;C:\Users\dantc\.m2\repository\org\apache\httpcomponents\httpclient\4.5.13\httpclient-4.5.13.jar;C:\Users\dantc\.m2\repository\commons-logging\commons-logging\1.2\commons-logging-1.2.jar;C:\Users\dantc\.m2\repository\commons-codec\commons-codec\1.15\commons-codec-1.15.jar;C:\Users\dantc\.m2\repository\org\apache\httpcomponents\httpcore\4.4.15\httpcore-4.4.15.jar;C:\Users\dantc\.m2\repository\com\google\http-client\google-http-client-jackson2\1.41.7\google-http-client-jackson2-1.41.7.jar;C:\Users\dantc\.m2\repository\com\fasterxml\jackson\core\jackson-core\2.13.2\jackson-core-2.13.2.jar;C:\Users\dantc\.m2\repository\com\google\oauth-client\google-oauth-client\1.33.3\google-oauth-client-1.33.3.jar;C:\Users\dantc\.m2\repository\io\opencensus\opencensus-api\0.31.0\opencensus-api-0.31.0.jar;C:\Users\dantc\.m2\repository\net\spy\spymemcached\2.12.3\spymemcached-2.12.3.jar;C:\Users\dantc\.m2\repository\org\slf4j\slf4j-api\1.7.36\slf4j-api-1.7.36.jar;C:\Users\dantc\.m2\repository\com\google\firebase\firebase-admin\8.1.0\firebase-admin-8.1.0.jar;C:\Users\dantc\.m2\repository\com\google\api-client\google-api-client\1.32.1\google-api-client-1.32.1.jar;C:\Users\dantc\.m2\repository\com\google\api-client\google-api-client-gson\1.32.1\google-api-client-gson-1.32.1.jar;C:\Users\dantc\.m2\repository\com\google\http-client\google-http-client\1.41.7\google-http-client-1.41.7.jar;C:\Users\dantc\.m2\repository\com\google\api\api-common\2.1.5\api-common-2.1.5.jar;C:\Users\dantc\.m2\repository\com\google\auth\google-auth-library-oauth2-http\1.6.0\google-auth-library-oauth2-http-1.6.0.jar;C:\Users\dantc\.m2\repository\com\google\cloud\google-cloud-storage\2.6.1\google-cloud-storage-2.6.1.jar;C:\Users\dantc\.m2\repository\com\google\apis\google-api-services-storage\v1-rev20220401-1.32.1\google-api-services-storage-v1-rev20220401-1.32.1.jar;C:\Users\dantc\.m2\repository\com\google\cloud\google-cloud-firestore\3.1.0\google-cloud-firestore-3.1.0.jar;C:\Users\dantc\.m2\repository\com\google\cloud\google-cloud-core-grpc\2.6.0\google-cloud-core-grpc-2.6.0.jar;C:\Users\dantc\.m2\repository\io\grpc\grpc-core\1.45.1\grpc-core-1.45.1.jar;C:\Users\dantc\.m2\repository\com\google\android\annotations\4.1.1.4\annotations-4.1.1.4.jar;C:\Users\dantc\.m2\repository\org\codehaus\mojo\animal-sniffer-annotations\1.21\animal-sniffer-annotations-1.21.jar;C:\Users\dantc\.m2\repository\io\perfmark\perfmark-api\0.23.0\perfmark-api-0.23.0.jar;C:\Users\dantc\.m2\repository\com\google\api\grpc\proto-google-cloud-firestore-v1\3.1.0\proto-google-cloud-firestore-v1-3.1.0.jar;C:\Users\dantc\.m2\repository\com\google\cloud\proto-google-cloud-firestore-bundle-v1\3.1.0\proto-google-cloud-firestore-bundle-v1-3.1.0.jar;C:\Users\dantc\.m2\repository\io\opencensus\opencensus-contrib-grpc-util\0.31.0\opencensus-contrib-grpc-util-0.31.0.jar;C:\Users\dantc\.m2\repository\io\grpc\grpc-protobuf\1.45.1\grpc-protobuf-1.45.1.jar;C:\Users\dantc\.m2\repository\io\grpc\grpc-protobuf-lite\1.45.1\grpc-protobuf-lite-1.45.1.jar;C:\Users\dantc\.m2\repository\com\google\api\gax-grpc\2.16.0\gax-grpc-2.16.0.jar;C:\Users\dantc\.m2\repository\io\grpc\grpc-alts\1.45.1\grpc-alts-1.45.1.jar;C:\Users\dantc\.m2\repository\io\grpc\grpc-grpclb\1.45.1\grpc-grpclb-1.45.1.jar;C:\Users\dantc\.m2\repository\org\conscrypt\conscrypt-openjdk-uber\2.5.1\conscrypt-openjdk-uber-2.5.1.jar;C:\Users\dantc\.m2\repository\io\grpc\grpc-auth\1.45.1\grpc-auth-1.45.1.jar;C:\Users\dantc\.m2\repository\io\grpc\grpc-netty-shaded\1.45.1\grpc-netty-shaded-1.45.1.jar;C:\Users\dantc\.m2\repository\io\grpc\grpc-googleapis\1.45.1\grpc-googleapis-1.45.1.jar;C:\Users\dantc\.m2\repository\io\grpc\grpc-xds\1.45.1\grpc-xds-1.45.1.jar;C:\Users\dantc\.m2\repository\io\grpc\grpc-services\1.45.1\grpc-services-1.45.1.jar;C:\Users\dantc\.m2\repository\com\google\re2j\re2j\1.5\re2j-1.5.jar;C:\Users\dantc\.m2\repository\org\bouncycastle\bcpkix-jdk15on\1.67\bcpkix-jdk15on-1.67.jar;C:\Users\dantc\.m2\repository\org\bouncycastle\bcprov-jdk15on\1.67\bcprov-jdk15on-1.67.jar;C:\Users\dantc\.m2\repository\io\opencensus\opencensus-proto\0.2.0\opencensus-proto-0.2.0.jar;C:\Users\dantc\.m2\repository\io\grpc\grpc-stub\1.45.1\grpc-stub-1.45.1.jar;C:\Users\dantc\.m2\repository\com\google\guava\guava\31.1-jre\guava-31.1-jre.jar;C:\Users\dantc\.m2\repository\io\netty\netty-codec-http\4.1.76.Final\netty-codec-http-4.1.76.Final.jar;C:\Users\dantc\.m2\repository\io\netty\netty-common\4.1.76.Final\netty-common-4.1.76.Final.jar;C:\Users\dantc\.m2\repository\io\netty\netty-buffer\4.1.76.Final\netty-buffer-4.1.76.Final.jar;C:\Users\dantc\.m2\repository\io\netty\netty-codec\4.1.76.Final\netty-codec-4.1.76.Final.jar;C:\Users\dantc\.m2\repository\io\netty\netty-handler\4.1.76.Final\netty-handler-4.1.76.Final.jar;C:\Users\dantc\.m2\repository\io\netty\netty-resolver\4.1.76.Final\netty-resolver-4.1.76.Final.jar;C:\Users\dantc\.m2\repository\io\netty\netty-transport\4.1.76.Final\netty-transport-4.1.76.Final.jar;"/>
    <property name="sun.cpu.endian" value="little"/>
    <property name="user.home" value="C:\Users\dantc"/>
    <property name="user.language" value="pt"/>
    <property name="java.specification.vendor" value="Oracle Corporation"/>
    <property name="java.home" value="C:\Program Files\Java\jdk1.8.0_202\jre"/>
    <property name="basedir" value="C:\Users\dantc\OneDrive\Documentos\notification\notification"/>
    <property name="file.separator" value="\"/>
    <property name="line.separator" value="&#10;"/>
    <property name="java.vm.specification.vendor" value="Oracle Corporation"/>
    <property name="java.specification.name" value="Java Platform API Specification"/>
    <property name="java.awt.graphicsenv" value="sun.awt.Win32GraphicsEnvironment"/>
    <property name="surefire.real.class.path" value="C:\Users\dantc\AppData\Local\Temp\surefire6776200358771160489\surefirebooter2565523108640754751.jar"/>
    <property name="sun.boot.class.path" value="C:\Program Files\Java\jdk1.8.0_202\jre\lib\resources.jar;C:\Program Files\Java\jdk1.8.0_202\jre\lib\rt.jar;C:\Program Files\Java\jdk1.8.0_202\jre\lib\sunrsasign.jar;C:\Program Files\Java\jdk1.8.0_202\jre\lib\jsse.jar;C:\Program Files\Java\jdk1.8.0_202\jre\lib\jce.jar;C:\Program Files\Java\jdk1.8.0_202\jre\lib\charsets.jar;C:\Program Files\Java\jdk1.8.0_202\jre\lib\jfr.jar;C:\Program Files\Java\jdk1.8.0_202\jre\classes"/>
    <property name="user.script" value=""/>
    <property name="sun.management.compiler" value="HotSpot 64-Bit Tiered Compilers"/>
    <property name="java.runtime.version" value="1.8.0_202-b08"/>
    <property name="user.name" value="Dantch"/>
    <property name="path.separator" value=";"/>
    <property name="os.version" value="10.0"/>
    <property name="java.endorsed.dirs" value="C:\Program Files\Java\jdk1.8.0_202\jre\lib\endorsed"/>
    <property name="java.runtime.name" value="Java(TM) SE Runtime Environment"/>
    <property name="file.encoding" value="Cp1252"/>
    <property name="java.vm.name" value="Java HotSpot(TM) 64-Bit Server VM"/>
    <property name="localRepository" value="C:\Users\dantc\.m2\repository"/>
    <property name="java.vendor.url.bug" value="http://bugreport.sun.com/bugreport/"/>
    <property name="java.io.tmpdir" value="C:\Users\dantc\AppData\Local\Temp\"/>
    <property name="java.version" value="1.8.0_202"/>
    <property name="user.dir" value="C:\Users\dantc\OneDrive\Documentos\notification\notification"/>
    <property name="os.arch" value="amd64"/>
    <property name="java.vm.specification.name" value="Java Virtual Machine Specification"/>
    <property name="java.awt.printerjob" value="sun.awt.windows.WPrinterJob"/>
    <property name="sun.os.patch.level" value=""/>
    <property name="java.library.path" value="C:\Program Files\Java\jdk1.8.0_202\jre\bin;C:\WINDOWS\Sun\Java\bin;C:\WINDOWS\system32;C:\WINDOWS;C:\Users\dantc\bin;C:\Program Files\Git\mingw64\bin;C:\Program Files\Git\usr\local\bin;C:\Program Files\Git\usr\bin;C:\Program Files\Git\usr\bin;C:\Program Files\Git\mingw64\bin;C:\Program Files\Git\usr\bin;C:\Users\dantc\bin;C:\Program Files (x86)\Common Files\Oracle\Java\javapath;C:\WINDOWS\system32;C:\WINDOWS;C:\WINDOWS\System32\Wbem;C:\WINDOWS\System32\WindowsPowerShell\v1.0;C:\WINDOWS\System32\OpenSSH;C:\Program Files\NVIDIA Corporation\NVIDIA NvDLISR;C:\Program Files (x86)\NVIDIA Corporation\PhysX\Common;C:\Program Files\nodejs;C:\Program Files\Git\cmd;C:\WINDOWS\system32;C:\WINDOWS;C:\WINDOWS\System32\Wbem;C:\WINDOWS\System32\WindowsPowerShell\v1.0;C:\WINDOWS\System32\OpenSSH;C:\Program Files\dotnet;%JAVA_HOME%\bin;C:\apache-maven-3.8.4\bin;C:\ProgramData\chocolatey\bin;C:\src\flutter\bin;%GOOGLE_APPLICATION_CREDENTIALS%;C:\Users\dantc\AppData\Local\Programs\Python\Python37\Scripts;C:\Users\dantc\AppData\Local\Programs\Python\Python37;C:\Program Files\MySQL\MySQL Shell 8.0\bin;C:\Users\dantc\AppData\Local\Microsoft\WindowsApps;C:\Users\dantc\AppData\Roaming\npm;C:\Users\dantc\AppData\Local\Programs\Microsoft VS Code\bin;C:\Program Files\Java\jdk1.8.0_202\bin;C:\apache-maven-3.8.4\bin;C:\tools\dart-sdk\bin;C:\Users\dantc\AppData\Roaming\Pub\Cache\bin;C:\src\flutter\bin;C:\SpringBootPushNotification-master\src\main\resources\firebaseconfig\serviceAccount.json;C:\Program Files\Git\usr\bin\vendor_perl;C:\Program Files\Git\usr\bin\core_perl;."/>
    <property name="java.vm.info" value="mixed mode"/>
    <property name="java.vendor" value="Oracle Corporation"/>
    <property name="java.vm.version" value="25.202-b08"/>
    <property name="java.ext.dirs" value="C:\Program Files\Java\jdk1.8.0_202\jre\lib\ext;C:\WINDOWS\Sun\Java\lib\ext"/>
    <property name="sun.io.unicode.encoding" value="UnicodeLittle"/>
    <property name="java.class.version" value="52.0"/>
  </properties>
  <testcase name="contextLoads" classname="com.tracking.notification.TrackingNotificationApplicationTests" time="0.065"/>
</testsuite>